<?xml version="1.0" encoding="UTF-8"?>
<coverage generated="1484607609340" clover="3.2.0">
  <project timestamp="1484607609340" name="All files">
    <metrics statements="45" coveredstatements="40" conditionals="50" coveredconditionals="35" methods="8" coveredmethods="8" elements="103" coveredelements="83" complexity="0" loc="45" ncloc="45" packages="2" files="2" classes="2">
      <package name="src">
        <metrics statements="27" coveredstatements="26" conditionals="34" coveredconditionals="23" methods="6" coveredmethods="6"/>
        <file name="Screen.js" path="/Users/miguel/Development/libraries/react-native-screen/src/Screen.js">
          <metrics statements="27" coveredstatements="26" conditionals="34" coveredconditionals="23" methods="6" coveredmethods="6"/>
          <line num="8" count="1" type="stmt"/>
          <line num="9" count="1" type="stmt"/>
          <line num="10" count="1" type="stmt"/>
          <line num="11" count="1" type="stmt"/>
          <line num="12" count="1" type="stmt"/>
          <line num="34" count="2" type="stmt"/>
          <line num="35" count="2" type="stmt"/>
          <line num="44" count="2" type="stmt"/>
          <line num="46" count="2" type="stmt"/>
          <line num="47" count="1" type="stmt"/>
          <line num="50" count="2" type="stmt"/>
          <line num="51" count="2" type="stmt"/>
          <line num="57" count="2" type="stmt"/>
          <line num="58" count="2" type="stmt"/>
          <line num="60" count="2" type="stmt"/>
          <line num="69" count="2" type="stmt"/>
          <line num="70" count="2" type="stmt"/>
          <line num="71" count="2" type="stmt"/>
          <line num="81" count="2" type="stmt"/>
          <line num="82" count="2" type="stmt"/>
          <line num="85" count="2" type="stmt"/>
          <line num="86" count="0" type="stmt"/>
          <line num="99" count="2" type="stmt"/>
          <line num="109" count="2" type="stmt"/>
          <line num="113" count="2" type="stmt"/>
          <line num="115" count="2" type="stmt"/>
          <line num="119" count="1" type="stmt"/>
        </file>
      </package>
      <package name="src.util">
        <metrics statements="18" coveredstatements="14" conditionals="16" coveredconditionals="12" methods="2" coveredmethods="2"/>
        <file name="helpers.js" path="/Users/miguel/Development/libraries/react-native-screen/src/util/helpers.js">
          <metrics statements="18" coveredstatements="14" conditionals="16" coveredconditionals="12" methods="2" coveredmethods="2"/>
          <line num="8" count="9" type="stmt"/>
          <line num="9" count="0" type="stmt"/>
          <line num="12" count="9" type="stmt"/>
          <line num="13" count="0" type="stmt"/>
          <line num="16" count="9" type="stmt"/>
          <line num="17" count="0" type="stmt"/>
          <line num="20" count="9" type="stmt"/>
          <line num="22" count="9" type="stmt"/>
          <line num="23" count="4" type="stmt"/>
          <line num="24" count="9" type="stmt"/>
          <line num="25" count="9" type="stmt"/>
          <line num="26" count="0" type="stmt"/>
          <line num="27" count="9" type="stmt"/>
          <line num="28" count="3" type="stmt"/>
          <line num="32" count="5" type="stmt"/>
          <line num="37" count="14" type="stmt"/>
          <line num="38" count="13" type="stmt"/>
          <line num="39" count="7" type="stmt"/>
        </file>
      </package>
    </metrics>
  </project>
</coverage>
