{"/Users/miguel/Development/libraries/react-native-screen/src/Screen.js": {"path":"/Users/miguel/Development/libraries/react-native-screen/src/Screen.js","statementMap":{"0":{"start":{"line":8,"column":34},"end":{"line":8,"column":66}},"1":{"start":{"line":9,"column":30},"end":{"line":9,"column":63}},"2":{"start":{"line":10,"column":26},"end":{"line":10,"column":58}},"3":{"start":{"line":11,"column":22},"end":{"line":11,"column":55}},"4":{"start":{"line":12,"column":15},"end":{"line":12,"column":48}},"5":{"start":{"line":34,"column":4},"end":{"line":34,"column":17}},"6":{"start":{"line":35,"column":4},"end":{"line":35,"column":29}},"7":{"start":{"line":44,"column":17},"end":{"line":44,"column":18}},"8":{"start":{"line":46,"column":4},"end":{"line":48,"column":5}},"9":{"start":{"line":47,"column":6},"end":{"line":47,"column":89}},"10":{"start":{"line":50,"column":20},"end":{"line":50,"column":103}},"11":{"start":{"line":51,"column":4},"end":{"line":51,"column":30}},"12":{"start":{"line":57,"column":20},"end":{"line":57,"column":21}},"13":{"start":{"line":58,"column":23},"end":{"line":58,"column":102}},"14":{"start":{"line":60,"column":4},"end":{"line":65,"column":6}},"15":{"start":{"line":69,"column":23},"end":{"line":69,"column":50}},"16":{"start":{"line":70,"column":20},"end":{"line":70,"column":156}},"17":{"start":{"line":71,"column":4},"end":{"line":77,"column":6}},"18":{"start":{"line":81,"column":23},"end":{"line":81,"column":43}},"19":{"start":{"line":82,"column":24},"end":{"line":82,"column":54}},"20":{"start":{"line":85,"column":4},"end":{"line":106,"column":5}},"21":{"start":{"line":86,"column":6},"end":{"line":97,"column":8}},"22":{"start":{"line":99,"column":6},"end":{"line":105,"column":8}},"23":{"start":{"line":109,"column":4},"end":{"line":109,"column":16}},"24":{"start":{"line":113,"column":15},"end":{"line":113,"column":33}},"25":{"start":{"line":115,"column":4},"end":{"line":115,"column":16}},"26":{"start":{"line":119,"column":13},"end":{"line":130,"column":2}}},"fnMap":{"0":{"name":"(anonymous_0)","decl":{"start":{"line":33,"column":2},"end":{"line":33,"column":3}},"loc":{"start":{"line":33,"column":21},"end":{"line":36,"column":3}}},"1":{"name":"(anonymous_1)","decl":{"start":{"line":43,"column":2},"end":{"line":43,"column":3}},"loc":{"start":{"line":43,"column":25},"end":{"line":52,"column":3}}},"2":{"name":"(anonymous_2)","decl":{"start":{"line":56,"column":2},"end":{"line":56,"column":3}},"loc":{"start":{"line":56,"column":18},"end":{"line":66,"column":3}}},"3":{"name":"(anonymous_3)","decl":{"start":{"line":68,"column":2},"end":{"line":68,"column":3}},"loc":{"start":{"line":68,"column":28},"end":{"line":78,"column":3}}},"4":{"name":"(anonymous_4)","decl":{"start":{"line":80,"column":2},"end":{"line":80,"column":3}},"loc":{"start":{"line":80,"column":16},"end":{"line":110,"column":3}}},"5":{"name":"(anonymous_5)","decl":{"start":{"line":112,"column":2},"end":{"line":112,"column":3}},"loc":{"start":{"line":112,"column":11},"end":{"line":116,"column":3}}}},"branchMap":{"0":{"loc":{"start":{"line":8,"column":34},"end":{"line":8,"column":66}},"type":"cond-expr","locations":[{"start":{"line":8,"column":60},"end":{"line":8,"column":62}},{"start":{"line":8,"column":65},"end":{"line":8,"column":66}}]},"1":{"loc":{"start":{"line":9,"column":30},"end":{"line":9,"column":63}},"type":"cond-expr","locations":[{"start":{"line":9,"column":56},"end":{"line":9,"column":58}},{"start":{"line":9,"column":61},"end":{"line":9,"column":63}}]},"2":{"loc":{"start":{"line":10,"column":26},"end":{"line":10,"column":58}},"type":"cond-expr","locations":[{"start":{"line":10,"column":52},"end":{"line":10,"column":54}},{"start":{"line":10,"column":57},"end":{"line":10,"column":58}}]},"3":{"loc":{"start":{"line":11,"column":22},"end":{"line":11,"column":55}},"type":"cond-expr","locations":[{"start":{"line":11,"column":48},"end":{"line":11,"column":50}},{"start":{"line":11,"column":53},"end":{"line":11,"column":55}}]},"4":{"loc":{"start":{"line":46,"column":4},"end":{"line":48,"column":5}},"type":"if","locations":[{"start":{"line":46,"column":4},"end":{"line":48,"column":5}},{"start":{"line":46,"column":4},"end":{"line":48,"column":5}}]},"5":{"loc":{"start":{"line":47,"column":15},"end":{"line":47,"column":88}},"type":"cond-expr","locations":[{"start":{"line":47,"column":41},"end":{"line":47,"column":64}},{"start":{"line":47,"column":67},"end":{"line":47,"column":88}}]},"6":{"loc":{"start":{"line":50,"column":20},"end":{"line":50,"column":103}},"type":"cond-expr","locations":[{"start":{"line":50,"column":49},"end":{"line":50,"column":75}},{"start":{"line":50,"column":78},"end":{"line":50,"column":103}}]},"7":{"loc":{"start":{"line":58,"column":23},"end":{"line":58,"column":102}},"type":"cond-expr","locations":[{"start":{"line":58,"column":72},"end":{"line":58,"column":98}},{"start":{"line":58,"column":101},"end":{"line":58,"column":102}}]},"8":{"loc":{"start":{"line":61,"column":23},"end":{"line":61,"column":104}},"type":"cond-expr","locations":[{"start":{"line":61,"column":52},"end":{"line":61,"column":65}},{"start":{"line":61,"column":68},"end":{"line":61,"column":104}}]},"9":{"loc":{"start":{"line":61,"column":68},"end":{"line":61,"column":104}},"type":"binary-expr","locations":[{"start":{"line":61,"column":68},"end":{"line":61,"column":94}},{"start":{"line":61,"column":98},"end":{"line":61,"column":104}}]},"10":{"loc":{"start":{"line":70,"column":21},"end":{"line":70,"column":77}},"type":"cond-expr","locations":[{"start":{"line":70,"column":45},"end":{"line":70,"column":62}},{"start":{"line":70,"column":65},"end":{"line":70,"column":77}}]},"11":{"loc":{"start":{"line":70,"column":82},"end":{"line":70,"column":155}},"type":"cond-expr","locations":[{"start":{"line":70,"column":128},"end":{"line":70,"column":151}},{"start":{"line":70,"column":154},"end":{"line":70,"column":155}}]},"12":{"loc":{"start":{"line":73,"column":23},"end":{"line":73,"column":74}},"type":"cond-expr","locations":[{"start":{"line":73,"column":52},"end":{"line":73,"column":65}},{"start":{"line":73,"column":68},"end":{"line":73,"column":74}}]},"13":{"loc":{"start":{"line":75,"column":18},"end":{"line":75,"column":74}},"type":"binary-expr","locations":[{"start":{"line":75,"column":18},"end":{"line":75,"column":39}},{"start":{"line":75,"column":44},"end":{"line":75,"column":73}}]},"14":{"loc":{"start":{"line":75,"column":44},"end":{"line":75,"column":73}},"type":"cond-expr","locations":[{"start":{"line":75,"column":68},"end":{"line":75,"column":69}},{"start":{"line":75,"column":72},"end":{"line":75,"column":73}}]},"15":{"loc":{"start":{"line":76,"column":25},"end":{"line":76,"column":58}},"type":"binary-expr","locations":[{"start":{"line":76,"column":25},"end":{"line":76,"column":53}},{"start":{"line":76,"column":57},"end":{"line":76,"column":58}}]},"16":{"loc":{"start":{"line":85,"column":4},"end":{"line":106,"column":5}},"type":"if","locations":[{"start":{"line":85,"column":4},"end":{"line":106,"column":5}},{"start":{"line":85,"column":4},"end":{"line":106,"column":5}}]}},"s":{"0":1,"1":1,"2":1,"3":1,"4":1,"5":2,"6":2,"7":2,"8":2,"9":1,"10":2,"11":2,"12":2,"13":2,"14":2,"15":2,"16":2,"17":2,"18":2,"19":2,"20":2,"21":0,"22":2,"23":2,"24":2,"25":2,"26":1},"f":{"0":2,"1":2,"2":2,"3":2,"4":2,"5":2},"b":{"0":[0,1],"1":[0,1],"2":[0,1],"3":[0,1],"4":[1,1],"5":[0,1],"6":[0,2],"7":[0,2],"8":[0,2],"9":[2,2],"10":[1,1],"11":[0,2],"12":[0,2],"13":[2,2],"14":[1,1],"15":[2,2],"16":[0,2]},"_coverageSchema":"332fd63041d2c1bcb487cc26dd0d5f7d97098a6c","hash":"5dc16a3770ae8fa4471aa61e3129e98d37b33eaa"}
,"/Users/miguel/Development/libraries/react-native-screen/src/util/helpers.js": {"path":"/Users/miguel/Development/libraries/react-native-screen/src/util/helpers.js","statementMap":{"0":{"start":{"line":8,"column":2},"end":{"line":10,"column":3}},"1":{"start":{"line":9,"column":4},"end":{"line":9,"column":11}},"2":{"start":{"line":12,"column":2},"end":{"line":14,"column":3}},"3":{"start":{"line":13,"column":4},"end":{"line":13,"column":41}},"4":{"start":{"line":16,"column":2},"end":{"line":18,"column":3}},"5":{"start":{"line":17,"column":4},"end":{"line":17,"column":11}},"6":{"start":{"line":20,"column":16},"end":{"line":20,"column":37}},"7":{"start":{"line":22,"column":2},"end":{"line":33,"column":3}},"8":{"start":{"line":23,"column":4},"end":{"line":30,"column":5}},"9":{"start":{"line":24,"column":20},"end":{"line":24,"column":45}},"10":{"start":{"line":25,"column":6},"end":{"line":29,"column":7}},"11":{"start":{"line":26,"column":8},"end":{"line":26,"column":21}},"12":{"start":{"line":27,"column":13},"end":{"line":29,"column":7}},"13":{"start":{"line":28,"column":8},"end":{"line":28,"column":21}},"14":{"start":{"line":32,"column":4},"end":{"line":32,"column":34}},"15":{"start":{"line":37,"column":2},"end":{"line":41,"column":3}},"16":{"start":{"line":38,"column":4},"end":{"line":40,"column":5}},"17":{"start":{"line":39,"column":6},"end":{"line":39,"column":22}}},"fnMap":{"0":{"name":"matchStyle","decl":{"start":{"line":7,"column":16},"end":{"line":7,"column":26}},"loc":{"start":{"line":7,"column":49},"end":{"line":34,"column":1}}},"1":{"name":"find","decl":{"start":{"line":36,"column":9},"end":{"line":36,"column":13}},"loc":{"start":{"line":36,"column":25},"end":{"line":42,"column":1}}}},"branchMap":{"0":{"loc":{"start":{"line":8,"column":2},"end":{"line":10,"column":3}},"type":"if","locations":[{"start":{"line":8,"column":2},"end":{"line":10,"column":3}},{"start":{"line":8,"column":2},"end":{"line":10,"column":3}}]},"1":{"loc":{"start":{"line":12,"column":2},"end":{"line":14,"column":3}},"type":"if","locations":[{"start":{"line":12,"column":2},"end":{"line":14,"column":3}},{"start":{"line":12,"column":2},"end":{"line":14,"column":3}}]},"2":{"loc":{"start":{"line":16,"column":2},"end":{"line":18,"column":3}},"type":"if","locations":[{"start":{"line":16,"column":2},"end":{"line":18,"column":3}},{"start":{"line":16,"column":2},"end":{"line":18,"column":3}}]},"3":{"loc":{"start":{"line":22,"column":2},"end":{"line":33,"column":3}},"type":"if","locations":[{"start":{"line":22,"column":2},"end":{"line":33,"column":3}},{"start":{"line":22,"column":2},"end":{"line":33,"column":3}}]},"4":{"loc":{"start":{"line":25,"column":6},"end":{"line":29,"column":7}},"type":"if","locations":[{"start":{"line":25,"column":6},"end":{"line":29,"column":7}},{"start":{"line":25,"column":6},"end":{"line":29,"column":7}}]},"5":{"loc":{"start":{"line":25,"column":10},"end":{"line":25,"column":31}},"type":"binary-expr","locations":[{"start":{"line":25,"column":10},"end":{"line":25,"column":22}},{"start":{"line":25,"column":26},"end":{"line":25,"column":31}}]},"6":{"loc":{"start":{"line":27,"column":13},"end":{"line":29,"column":7}},"type":"if","locations":[{"start":{"line":27,"column":13},"end":{"line":29,"column":7}},{"start":{"line":27,"column":13},"end":{"line":29,"column":7}}]},"7":{"loc":{"start":{"line":38,"column":4},"end":{"line":40,"column":5}},"type":"if","locations":[{"start":{"line":38,"column":4},"end":{"line":40,"column":5}},{"start":{"line":38,"column":4},"end":{"line":40,"column":5}}]}},"s":{"0":9,"1":0,"2":9,"3":0,"4":9,"5":0,"6":9,"7":9,"8":4,"9":9,"10":9,"11":0,"12":9,"13":3,"14":5,"15":14,"16":13,"17":7},"f":{"0":9,"1":14},"b":{"0":[0,9],"1":[0,9],"2":[0,9],"3":[4,5],"4":[0,9],"5":[9,6],"6":[3,6],"7":[7,6]},"_coverageSchema":"332fd63041d2c1bcb487cc26dd0d5f7d97098a6c","hash":"1fbe39dd90e409522f58c13ba8ac4395a69baa16"}
}
