TN:
SF:/Users/miguel/Development/libraries/react-native-screen/src/Screen.js
FN:33,(anonymous_0)
FN:43,(anonymous_1)
FN:56,(anonymous_2)
FN:68,(anonymous_3)
FN:80,(anonymous_4)
FN:112,(anonymous_5)
FNF:6
FNH:6
FNDA:2,(anonymous_0)
FNDA:2,(anonymous_1)
FNDA:2,(anonymous_2)
FNDA:2,(anonymous_3)
FNDA:2,(anonymous_4)
FNDA:2,(anonymous_5)
DA:8,1
DA:9,1
DA:10,1
DA:11,1
DA:12,1
DA:34,2
DA:35,2
DA:44,2
DA:46,2
DA:47,1
DA:50,2
DA:51,2
DA:57,2
DA:58,2
DA:60,2
DA:69,2
DA:70,2
DA:71,2
DA:81,2
DA:82,2
DA:85,2
DA:86,0
DA:99,2
DA:109,2
DA:113,2
DA:115,2
DA:119,1
LF:27
LH:26
BRDA:8,0,0,0
BRDA:8,0,1,1
BRDA:9,1,0,0
BRDA:9,1,1,1
BRDA:10,2,0,0
BRDA:10,2,1,1
BRDA:11,3,0,0
BRDA:11,3,1,1
BRDA:46,4,0,1
BRDA:46,4,1,1
BRDA:47,5,0,0
BRDA:47,5,1,1
BRDA:50,6,0,0
BRDA:50,6,1,2
BRDA:58,7,0,0
BRDA:58,7,1,2
BRDA:61,8,0,0
BRDA:61,8,1,2
BRDA:61,9,0,2
BRDA:61,9,1,2
BRDA:70,10,0,1
BRDA:70,10,1,1
BRDA:70,11,0,0
BRDA:70,11,1,2
BRDA:73,12,0,0
BRDA:73,12,1,2
BRDA:75,13,0,2
BRDA:75,13,1,2
BRDA:75,14,0,1
BRDA:75,14,1,1
BRDA:76,15,0,2
BRDA:76,15,1,2
BRDA:85,16,0,0
BRDA:85,16,1,2
BRF:34
BRH:23
end_of_record
TN:
SF:/Users/miguel/Development/libraries/react-native-screen/src/util/helpers.js
FN:7,matchStyle
FN:36,find
FNF:2
FNH:2
FNDA:9,matchStyle
FNDA:14,find
DA:8,9
DA:9,0
DA:12,9
DA:13,0
DA:16,9
DA:17,0
DA:20,9
DA:22,9
DA:23,4
DA:24,9
DA:25,9
DA:26,0
DA:27,9
DA:28,3
DA:32,5
DA:37,14
DA:38,13
DA:39,7
LF:18
LH:14
BRDA:8,0,0,0
BRDA:8,0,1,9
BRDA:12,1,0,0
BRDA:12,1,1,9
BRDA:16,2,0,0
BRDA:16,2,1,9
BRDA:22,3,0,4
BRDA:22,3,1,5
BRDA:25,4,0,0
BRDA:25,4,1,9
BRDA:25,5,0,9
BRDA:25,5,1,6
BRDA:27,6,0,3
BRDA:27,6,1,6
BRDA:38,7,0,7
BRDA:38,7,1,6
BRF:16
BRH:12
end_of_record
